   [1] "zapsmall"                           "xzfile"                            
   [3] "xtfrm.POSIXlt"                      "xtfrm.POSIXct"                     
   [5] "xtfrm.numeric_version"              "xtfrm.factor"                      
   [7] "xtfrm.difftime"                     "xtfrm.default"                     
   [9] "xtfrm.Date"                         "xtfrm.AsIs"                        
  [11] "xtfrm"                              "xpdrows.data.frame"                
  [13] "xor"                                "writeLines"                        
  [15] "writeChar"                          "writeBin"                          
  [17] "write.dcf"                          "write"                             
  [19] "withVisible"                        "withRestarts"                      
  [21] "within.list"                        "within.data.frame"                 
  [23] "within"                             "withCallingHandlers"               
  [25] "withAutoprint"                      "with.default"                      
  [27] "with"                               "while"                             
  [29] "which.min"                          "which.max"                         
  [31] "which"                              "weekdays.POSIXt"                   
  [33] "weekdays.Date"                      "weekdays"                          
  [35] "warnings"                           "warningCondition"                  
  [37] "warning"                            "version"                           
  [39] "Vectorize"                          "vector"                            
  [41] "vapply"                             "validUTF8"                         
  [43] "validEnc"                           "utf8ToInt"                         
  [45] "UseMethod"                          "url"                               
  [47] "upper.tri"                          "unz"                               
  [49] "untracemem"                         "untrace"                           
  [51] "unsplit"                            "unserialize"                       
  [53] "unname"                             "unlockBinding"                     
  [55] "unloadNamespace"                    "unlist"                            
  [57] "unlink"                             "unix.time"                         
  [59] "units<-.difftime"                   "units<-"                           
  [61] "units.difftime"                     "units"                             
  [63] "unique.warnings"                    "unique.POSIXlt"                    
  [65] "unique.numeric_version"             "unique.matrix"                     
  [67] "unique.default"                     "unique.data.frame"                 
  [69] "unique.array"                       "unique"                            
  [71] "union"                              "undebug"                           
  [73] "unclass"                            "typeof"                            
  [75] "tryCatch"                           "try"                               
  [77] "truncate.connection"                "truncate"                          
  [79] "trunc.POSIXt"                       "trunc.Date"                        
  [81] "trunc"                              "trimws"                            
  [83] "trigamma"                           "transform.default"                 
  [85] "transform.data.frame"               "transform"                         
  [87] "tracingState"                       "tracemem"                          
  [89] "traceback"                          "trace"                             
  [91] "toupper"                            "toString.default"                  
  [93] "toString"                           "topenv"                            
  [95] "tolower"                            "textConnectionValue"               
  [97] "textConnection"                     "tempfile"                          
  [99] "tempdir"                            "tcrossprod"                        
 [101] "taskCallbackManager"                "tapply"                            
 [103] "tanpi"                              "tanh"                              
 [105] "tan"                                "tabulate"                          
 [107] "table"                              "t.default"                         
 [109] "t.data.frame"                       "T"                                 
 [111] "t"                                  "system2"                           
 [113] "system.time"                        "system.file"                       
 [115] "system"                             "Sys.which"                         
 [117] "Sys.unsetenv"                       "Sys.umask"                         
 [119] "Sys.timezone"                       "Sys.time"                          
 [121] "sys.status"                         "sys.source"                        
 [123] "Sys.sleep"                          "Sys.setlocale"                     
 [125] "Sys.setFileTime"                    "Sys.setenv"                        
 [127] "sys.save.image"                     "Sys.readlink"                      
 [129] "sys.parents"                        "sys.parent"                        
 [131] "sys.on.exit"                        "sys.nframe"                        
 [133] "Sys.localeconv"                     "sys.load.image"                    
 [135] "Sys.info"                           "Sys.glob"                          
 [137] "Sys.getpid"                         "Sys.getlocale"                     
 [139] "Sys.getenv"                         "sys.function"                      
 [141] "sys.frames"                         "sys.frame"                         
 [143] "Sys.Date"                           "Sys.chmod"                         
 [145] "sys.calls"                          "sys.call"                          
 [147] "switch"                             "sweep"                             
 [149] "svd"                                "suspendInterrupts"                 
 [151] "suppressWarnings"                   "suppressPackageStartupMessages"    
 [153] "suppressMessages"                   "summary.warnings"                  
 [155] "summary.table"                      "summary.srcref"                    
 [157] "summary.srcfile"                    "summary.proc_time"                 
 [159] "Summary.POSIXlt"                    "summary.POSIXlt"                   
 [161] "Summary.POSIXct"                    "summary.POSIXct"                   
 [163] "Summary.ordered"                    "Summary.numeric_version"           
 [165] "summary.matrix"                     "Summary.factor"                    
 [167] "summary.factor"                     "Summary.difftime"                  
 [169] "summary.default"                    "Summary.Date"                      
 [171] "summary.Date"                       "Summary.data.frame"                
 [173] "summary.data.frame"                 "summary.connection"                
 [175] "summary"                            "sum"                               
 [177] "substring<-"                        "substring"                         
 [179] "substr<-"                           "substr"                            
 [181] "substitute"                         "subset.matrix"                     
 [183] "subset.default"                     "subset.data.frame"                 
 [185] "subset"                             "sub"                               
 [187] "strwrap"                            "structure"                         
 [189] "strtrim"                            "strtoi"                            
 [191] "strsplit"                           "strrep"                            
 [193] "strptime"                           "strftime"                          
 [195] "str2lang"                           "str2expression"                    
 [197] "storage.mode<-"                     "storage.mode"                      
 [199] "stopifnot"                          "stop"                              
 [201] "stdout"                             "stdin"                             
 [203] "stderr"                             "startsWith"                        
 [205] "standardGeneric"                    "srcref"                            
 [207] "srcfilecopy"                        "srcfilealias"                      
 [209] "srcfile"                            "sQuote"                            
 [211] "sqrt"                               "sprintf"                           
 [213] "split<-.default"                    "split<-.data.frame"                
 [215] "split<-"                            "split.POSIXct"                     
 [217] "split.default"                      "split.Date"                        
 [219] "split.data.frame"                   "split"                             
 [221] "source"                             "sort.POSIXlt"                      
 [223] "sort.list"                          "sort.int"                          
 [225] "sort.default"                       "sort"                              
 [227] "solve.qr"                           "solve.default"                     
 [229] "solve"                              "socketSelect"                      
 [231] "socketConnection"                   "slice.index"                       
 [233] "sinpi"                              "sink.number"                       
 [235] "sink"                               "sinh"                              
 [237] "single"                             "sin"                               
 [239] "simplify2array"                     "simpleWarning"                     
 [241] "simpleMessage"                      "simpleError"                       
 [243] "simpleCondition"                    "signif"                            
 [245] "signalCondition"                    "sign"                              
 [247] "shQuote"                            "showConnections"                   
 [249] "setwd"                              "setTimeLimit"                      
 [251] "setSessionTimeLimit"                "setNamespaceInfo"                  
 [253] "setHook"                            "setequal"                          
 [255] "setdiff"                            "set.seed"                          
 [257] "serialize"                          "sequence"                          
 [259] "seq.POSIXt"                         "seq.int"                           
 [261] "seq.default"                        "seq.Date"                          
 [263] "seq_len"                            "seq_along"                         
 [265] "seq"                                "seek.connection"                   
 [267] "seek"                               "searchpaths"                       
 [269] "search"                             "scan"                              
 [271] "scale.default"                      "scale"                             
 [273] "saveRDS"                            "save.image"                        
 [275] "save"                               "sapply"                            
 [277] "sample.int"                         "sample"                            
 [279] "rowSums"                            "rowsum.default"                    
 [281] "rowsum.data.frame"                  "rowsum"                            
 [283] "rownames<-"                         "rownames"                          
 [285] "rowMeans"                           "row.names<-.default"               
 [287] "row.names<-.data.frame"             "row.names<-"                       
 [289] "row.names.default"                  "row.names.data.frame"              
 [291] "row.names"                          "row"                               
 [293] "round.POSIXt"                       "round.Date"                        
 [295] "round"                              "RNGversion"                        
 [297] "RNGkind"                            "rm"                                
 [299] "rle"                                "rev.default"                       
 [301] "rev"                                "returnValue"                       
 [303] "return"                             "retracemem"                        
 [305] "restartFormals"                     "restartDescription"                
 [307] "requireNamespace"                   "require"                           
 [309] "replicate"                          "replace"                           
 [311] "repeat"                             "rep.POSIXlt"                       
 [313] "rep.POSIXct"                        "rep.numeric_version"               
 [315] "rep.int"                            "rep.factor"                        
 [317] "rep.Date"                           "rep_len"                           
 [319] "rep"                                "removeTaskCallback"                
 [321] "remove"                             "regmatches<-"                      
 [323] "regmatches"                         "registerS3methods"                 
 [325] "registerS3method"                   "regexpr"                           
 [327] "regexec"                            "reg.finalizer"                     
 [329] "Reduce"                             "Recall"                            
 [331] "readRenviron"                       "readRDS"                           
 [333] "readLines"                          "readline"                          
 [335] "readChar"                           "readBin"                           
 [337] "read.dcf"                           "Re"                                
 [339] "rcond"                              "rbind.data.frame"                  
 [341] "rbind"                              "rawToChar"                         
 [343] "rawToBits"                          "rawShift"                          
 [345] "rawConnectionValue"                 "rawConnection"                     
 [347] "raw"                                "rapply"                            
 [349] "rank"                               "range.default"                     
 [351] "range"                              "R.version.string"                  
 [353] "R.Version"                          "R.version"                         
 [355] "R.home"                             "R_system_version"                  
 [357] "quote"                              "quit"                              
 [359] "quarters.POSIXt"                    "quarters.Date"                     
 [361] "quarters"                           "qr.X"                              
 [363] "qr.solve"                           "qr.resid"                          
 [365] "qr.R"                               "qr.qy"                             
 [367] "qr.qty"                             "qr.Q"                              
 [369] "qr.fitted"                          "qr.default"                        
 [371] "qr.coef"                            "qr"                                
 [373] "q"                                  "pushBackLength"                    
 [375] "pushBack"                           "psigamma"                          
 [377] "provideDimnames"                    "prop.table"                        
 [379] "prod"                               "proc.time"                         
 [381] "prmatrix"                           "print.warnings"                    
 [383] "print.table"                        "print.summaryDefault"              
 [385] "print.summary.warnings"             "print.summary.table"               
 [387] "print.srcref"                       "print.srcfile"                     
 [389] "print.simple.list"                  "print.rle"                         
 [391] "print.restart"                      "print.proc_time"                   
 [393] "print.POSIXlt"                      "print.POSIXct"                     
 [395] "print.packageInfo"                  "print.octmode"                     
 [397] "print.numeric_version"              "print.noquote"                     
 [399] "print.NativeRoutineList"            "print.listof"                      
 [401] "print.libraryIQR"                   "print.hexmode"                     
 [403] "print.function"                     "print.factor"                      
 [405] "print.eigen"                        "print.DLLRegisteredRoutines"       
 [407] "print.DLLInfoList"                  "print.DLLInfo"                     
 [409] "print.Dlist"                        "print.difftime"                    
 [411] "print.default"                      "print.Date"                        
 [413] "print.data.frame"                   "print.connection"                  
 [415] "print.condition"                    "print.by"                          
 [417] "print.AsIs"                         "print"                             
 [419] "prettyNum"                          "pretty.default"                    
 [421] "pretty"                             "Position"                          
 [423] "pos.to.env"                         "polyroot"                          
 [425] "pmin.int"                           "pmin"                              
 [427] "pmax.int"                           "pmax"                              
 [429] "pmatch"                             "pipe"                              
 [431] "pi"                                 "pcre_config"                       
 [433] "path.package"                       "path.expand"                       
 [435] "paste0"                             "paste"                             
 [437] "parseNamespaceFile"                 "parse"                             
 [439] "parent.frame"                       "parent.env<-"                      
 [441] "parent.env"                         "pairlist"                          
 [443] "packBits"                           "packageStartupMessage"             
 [445] "packageNotFoundError"               "packageHasNamespace"               
 [447] "packageEvent"                       "package_version"                   
 [449] "outer"                              "ordered"                           
 [451] "order"                              "options"                           
 [453] "Ops.POSIXt"                         "Ops.ordered"                       
 [455] "Ops.numeric_version"                "Ops.factor"                        
 [457] "Ops.difftime"                       "Ops.Date"                          
 [459] "Ops.data.frame"                     "open.srcfilecopy"                  
 [461] "open.srcfilealias"                  "open.srcfile"                      
 [463] "open.connection"                    "open"                              
 [465] "on.exit"                            "OlsonNames"                        
 [467] "oldClass<-"                         "oldClass"                          
 [469] "objects"                            "nzchar"                            
 [471] "numeric_version"                    "numeric"                           
 [473] "nullfile"                           "NROW"                              
 [475] "nrow"                               "normalizePath"                     
 [477] "norm"                               "noquote"                           
 [479] "nlevels"                            "ngettext"                          
 [481] "NextMethod"                         "next"                              
 [483] "new.env"                            "Negate"                            
 [485] "NCOL"                               "ncol"                              
 [487] "nchar"                              "nargs"                             
 [489] "namespaceImportMethods"             "namespaceImportFrom"               
 [491] "namespaceImportClasses"             "namespaceImport"                   
 [493] "namespaceExport"                    "names<-.POSIXlt"                   
 [495] "names<-"                            "names.POSIXlt"                     
 [497] "names"                              "mostattributes<-"                  
 [499] "months.POSIXt"                      "months.Date"                       
 [501] "months"                             "month.name"                        
 [503] "month.abb"                          "mode<-"                            
 [505] "mode"                               "Mod"                               
 [507] "missing"                            "min"                               
 [509] "mget"                               "message"                           
 [511] "merge.default"                      "merge.data.frame"                  
 [513] "merge"                              "memory.profile"                    
 [515] "memDecompress"                      "memCompress"                       
 [517] "mem.maxVSize"                       "mem.maxNSize"                      
 [519] "mem.limits"                         "mean.POSIXlt"                      
 [521] "mean.POSIXct"                       "mean.difftime"                     
 [523] "mean.default"                       "mean.Date"                         
 [525] "mean"                               "max.col"                           
 [527] "max"                                "matrix"                            
 [529] "Math.POSIXt"                        "Math.factor"                       
 [531] "Math.difftime"                      "Math.Date"                         
 [533] "Math.data.frame"                    "match.fun"                         
 [535] "match.call"                         "match.arg"                         
 [537] "match"                              "mat.or.vec"                        
 [539] "margin.table"                       "mapply"                            
 [541] "Map"                                "makeActiveBinding"                 
 [543] "make.unique"                        "make.names"                        
 [545] "ls"                                 "lower.tri"                         
 [547] "logical"                            "logb"                              
 [549] "log2"                               "log1p"                             
 [551] "log10"                              "log"                               
 [553] "lockEnvironment"                    "lockBinding"                       
 [555] "local"                              "loadNamespace"                     
 [557] "loadingNamespaceInfo"               "loadedNamespaces"                  
 [559] "load"                               "list2env"                          
 [561] "list.files"                         "list.dirs"                         
 [563] "list"                               "license"                           
 [565] "licence"                            "library.dynam.unload"              
 [567] "library.dynam"                      "library"                           
 [569] "libcurlVersion"                     "lgamma"                            
 [571] "lfactorial"                         "levels<-.factor"                   
 [573] "levels<-"                           "levels.default"                    
 [575] "levels"                             "LETTERS"                           
 [577] "letters"                            "lengths"                           
 [579] "length<-.POSIXlt"                   "length<-.POSIXct"                  
 [581] "length<-.factor"                    "length<-.difftime"                 
 [583] "length<-.Date"                      "length<-"                          
 [585] "length.POSIXlt"                     "length"                            
 [587] "lchoose"                            "lbeta"                             
 [589] "lazyLoadDBfetch"                    "lazyLoadDBexec"                    
 [591] "lazyLoad"                           "lapply"                            
 [593] "labels.default"                     "labels"                            
 [595] "La.svd"                             "La_version"                        
 [597] "La_library"                         "l10n_info"                         
 [599] "kronecker"                          "kappa.qr"                          
 [601] "kappa.lm"                           "kappa.default"                     
 [603] "kappa"                              "julian.POSIXt"                     
 [605] "julian.Date"                        "julian"                            
 [607] "jitter"                             "isTRUE"                            
 [609] "isSymmetric.matrix"                 "isSymmetric"                       
 [611] "isSeekable"                         "isS4"                              
 [613] "isRestart"                          "isOpen"                            
 [615] "ISOdatetime"                        "ISOdate"                           
 [617] "isNamespaceLoaded"                  "isNamespace"                       
 [619] "isIncomplete"                       "isFALSE"                           
 [621] "isdebugged"                         "isBaseNamespace"                   
 [623] "isatty"                             "is.vector"                         
 [625] "is.unsorted"                        "is.table"                          
 [627] "is.symbol"                          "is.single"                         
 [629] "is.recursive"                       "is.raw"                            
 [631] "is.R"                               "is.qr"                             
 [633] "is.primitive"                       "is.pairlist"                       
 [635] "is.package_version"                 "is.ordered"                        
 [637] "is.object"                          "is.numeric.POSIXt"                 
 [639] "is.numeric.difftime"                "is.numeric.Date"                   
 [641] "is.numeric_version"                 "is.numeric"                        
 [643] "is.null"                            "is.nan"                            
 [645] "is.name"                            "is.na<-.numeric_version"           
 [647] "is.na<-.factor"                     "is.na<-.default"                   
 [649] "is.na<-"                            "is.na.POSIXlt"                     
 [651] "is.na.numeric_version"              "is.na.data.frame"                  
 [653] "is.na"                              "is.matrix"                         
 [655] "is.logical"                         "is.loaded"                         
 [657] "is.list"                            "is.language"                       
 [659] "is.integer"                         "is.infinite"                       
 [661] "is.function"                        "is.finite"                         
 [663] "is.factor"                          "is.expression"                     
 [665] "is.environment"                     "is.element"                        
 [667] "is.double"                          "is.data.frame"                     
 [669] "is.complex"                         "is.character"                      
 [671] "is.call"                            "is.atomic"                         
 [673] "is.array"                           "invokeRestartInteractively"        
 [675] "invokeRestart"                      "invisible"                         
 [677] "inverse.rle"                        "intToUtf8"                         
 [679] "intToBits"                          "intersect"                         
 [681] "interactive"                        "interaction"                       
 [683] "integer"                            "inherits"                          
 [685] "importIntoEnv"                      "Im"                                
 [687] "ifelse"                             "if"                                
 [689] "identity"                           "identical"                         
 [691] "icuSetCollate"                      "icuGetCollate"                     
 [693] "iconvlist"                          "iconv"                             
 [695] "I"                                  "gzfile"                            
 [697] "gzcon"                              "gsub"                              
 [699] "grouping"                           "grepRaw"                           
 [701] "grepl"                              "grep"                              
 [703] "gregexpr"                           "globalenv"                         
 [705] "gl"                                 "getwd"                             
 [707] "gettextf"                           "gettext"                           
 [709] "getTaskCallbackNames"               "getSrcLines"                       
 [711] "getRversion"                        "getOption"                         
 [713] "getNativeSymbolInfo"                "getNamespaceVersion"               
 [715] "getNamespaceUsers"                  "getNamespaceName"                  
 [717] "getNamespaceInfo"                   "getNamespaceImports"               
 [719] "getNamespaceExports"                "getNamespace"                      
 [721] "getLoadedDLLs"                      "getHook"                           
 [723] "getExportedValue"                   "geterrmessage"                     
 [725] "getElement"                         "getDLLRegisteredRoutines.DLLInfo"  
 [727] "getDLLRegisteredRoutines.character" "getDLLRegisteredRoutines"          
 [729] "getConnection"                      "getCallingDLLe"                    
 [731] "getCallingDLL"                      "getAllConnections"                 
 [733] "get0"                               "get"                               
 [735] "gctorture2"                         "gctorture"                         
 [737] "gcinfo"                             "gc.time"                           
 [739] "gc"                                 "gamma"                             
 [741] "function"                           "forwardsolve"                      
 [743] "formatDL"                           "formatC"                           
 [745] "format.summaryDefault"              "format.pval"                       
 [747] "format.POSIXlt"                     "format.POSIXct"                    
 [749] "format.packageInfo"                 "format.octmode"                    
 [751] "format.numeric_version"             "format.libraryIQR"                 
 [753] "format.info"                        "format.hexmode"                    
 [755] "format.factor"                      "format.difftime"                   
 [757] "format.default"                     "format.Date"                       
 [759] "format.data.frame"                  "format.AsIs"                       
 [761] "format"                             "formals<-"                         
 [763] "formals"                            "forceAndCall"                      
 [765] "force"                              "for"                               
 [767] "flush.connection"                   "flush"                             
 [769] "floor"                              "findRestart"                       
 [771] "findPackageEnv"                     "findInterval"                      
 [773] "find.package"                       "Find"                              
 [775] "Filter"                             "file.symlink"                      
 [777] "file.size"                          "file.show"                         
 [779] "file.rename"                        "file.remove"                       
 [781] "file.path"                          "file.mtime"                        
 [783] "file.mode"                          "file.link"                         
 [785] "file.info"                          "file.exists"                       
 [787] "file.create"                        "file.copy"                         
 [789] "file.choose"                        "file.append"                       
 [791] "file.access"                        "file"                              
 [793] "fifo"                               "factorial"                         
 [795] "factor"                             "F"                                 
 [797] "extSoftVersion"                     "expression"                        
 [799] "expm1"                              "expand.grid"                       
 [801] "exp"                                "exists"                            
 [803] "evalq"                              "eval.parent"                       
 [805] "eval"                               "errorCondition"                    
 [807] "environmentName"                    "environmentIsLocked"               
 [809] "environment<-"                      "environment"                       
 [811] "env.profile"                        "enquote"                           
 [813] "endsWith"                           "Encoding<-"                        
 [815] "Encoding"                           "encodeString"                      
 [817] "enc2utf8"                           "enc2native"                        
 [819] "emptyenv"                           "eigen"                             
 [821] "eapply"                             "dynGet"                            
 [823] "dyn.unload"                         "dyn.load"                          
 [825] "duplicated.warnings"                "duplicated.POSIXlt"                
 [827] "duplicated.numeric_version"         "duplicated.matrix"                 
 [829] "duplicated.default"                 "duplicated.data.frame"             
 [831] "duplicated.array"                   "duplicated"                        
 [833] "dump"                               "droplevels.factor"                 
 [835] "droplevels.data.frame"              "droplevels"                        
 [837] "drop"                               "dQuote"                            
 [839] "dput"                               "double"                            
 [841] "dontCheck"                          "do.call"                           
 [843] "dirname"                            "dir.exists"                        
 [845] "dir.create"                         "dir"                               
 [847] "dimnames<-.data.frame"              "dimnames<-"                        
 [849] "dimnames.data.frame"                "dimnames"                          
 [851] "dim<-"                              "dim.data.frame"                    
 [853] "dim"                                "digamma"                           
 [855] "difftime"                           "diff.POSIXt"                       
 [857] "diff.difftime"                      "diff.default"                      
 [859] "diff.Date"                          "diff"                              
 [861] "diag<-"                             "diag"                              
 [863] "dget"                               "determinant.matrix"                
 [865] "determinant"                        "detach"                            
 [867] "det"                                "deparse"                           
 [869] "delayedAssign"                      "default.stringsAsFactors"          
 [871] "debugonce"                          "debuggingState"                    
 [873] "debug"                              "date"                              
 [875] "data.matrix"                        "data.frame"                        
 [877] "data.class"                         "cut.POSIXt"                        
 [879] "cut.default"                        "cut.Date"                          
 [881] "cut"                                "curlGetHeaders"                    
 [883] "cumsum"                             "cumprod"                           
 [885] "cummin"                             "cummax"                            
 [887] "Cstack_info"                        "crossprod"                         
 [889] "cospi"                              "cosh"                              
 [891] "cos"                                "contributors"                      
 [893] "Conj"                               "conflicts"                         
 [895] "conflictRules"                      "conditionMessage.condition"        
 [897] "conditionMessage"                   "conditionCall.condition"           
 [899] "conditionCall"                      "computeRestarts"                   
 [901] "complex"                            "comment<-"                         
 [903] "comment"                            "commandArgs"                       
 [905] "colSums"                            "colnames<-"                        
 [907] "colnames"                           "colMeans"                          
 [909] "col"                                "closeAllConnections"               
 [911] "close.srcfilealias"                 "close.srcfile"                     
 [913] "close.connection"                   "close"                             
 [915] "clearPushBack"                      "class<-"                           
 [917] "class"                              "choose"                            
 [919] "chol2inv"                           "chol.default"                      
 [921] "chol"                               "chkDots"                           
 [923] "check_tzones"                       "chartr"                            
 [925] "charToRaw"                          "charmatch"                         
 [927] "character"                          "char.expand"                       
 [929] "ceiling"                            "cbind.data.frame"                  
 [931] "cbind"                              "cat"                               
 [933] "casefold"                           "capabilities"                      
 [935] "callCC"                             "call"                              
 [937] "c.warnings"                         "c.POSIXlt"                         
 [939] "c.POSIXct"                          "c.numeric_version"                 
 [941] "c.noquote"                          "c.difftime"                        
 [943] "c.Date"                             "c"                                 
 [945] "bzfile"                             "by.default"                        
 [947] "by.data.frame"                      "by"                                
 [949] "builtins"                           "browserText"                       
 [951] "browserSetDebug"                    "browserCondition"                  
 [953] "browser"                            "break"                             
 [955] "bquote"                             "body<-"                            
 [957] "body"                               "bitwXor"                           
 [959] "bitwShiftR"                         "bitwShiftL"                        
 [961] "bitwOr"                             "bitwNot"                           
 [963] "bitwAnd"                            "bindtextdomain"                    
 [965] "bindingIsLocked"                    "bindingIsActive"                   
 [967] "beta"                               "besselY"                           
 [969] "besselK"                            "besselJ"                           
 [971] "besselI"                            "basename"                          
 [973] "baseenv"                            "backsolve"                         
 [975] "autoloader"                         "autoload"                          
 [977] "attributes<-"                       "attributes"                        
 [979] "attr<-"                             "attr.all.equal"                    
 [981] "attr"                               "attachNamespace"                   
 [983] "attach"                             "atanh"                             
 [985] "atan2"                              "atan"                              
 [987] "assign"                             "asS4"                              
 [989] "asS3"                               "asplit"                            
 [991] "asNamespace"                        "asinh"                             
 [993] "asin"                               "as.vector.factor"                  
 [995] "as.vector"                          "as.table.default"                  
 [997] "as.table"                           "as.symbol"                         
 [999] "as.single.default"                  "as.single"                         
[1001] "as.raw"                             "as.qr"                             
[1003] "as.POSIXlt.POSIXct"                 "as.POSIXlt.numeric"                
[1005] "as.POSIXlt.factor"                  "as.POSIXlt.default"                
[1007] "as.POSIXlt.Date"                    "as.POSIXlt.character"              
[1009] "as.POSIXlt"                         "as.POSIXct.POSIXlt"                
[1011] "as.POSIXct.numeric"                 "as.POSIXct.default"                
[1013] "as.POSIXct.Date"                    "as.POSIXct"                        
[1015] "as.pairlist"                        "as.package_version"                
[1017] "as.ordered"                         "as.octmode"                        
[1019] "as.numeric_version"                 "as.numeric"                        
[1021] "as.null.default"                    "as.null"                           
[1023] "as.name"                            "as.matrix.POSIXlt"                 
[1025] "as.matrix.noquote"                  "as.matrix.default"                 
[1027] "as.matrix.data.frame"               "as.matrix"                         
[1029] "as.logical.factor"                  "as.logical"                        
[1031] "as.list.POSIXlt"                    "as.list.POSIXct"                   
[1033] "as.list.numeric_version"            "as.list.function"                  
[1035] "as.list.factor"                     "as.list.environment"               
[1037] "as.list.default"                    "as.list.Date"                      
[1039] "as.list.data.frame"                 "as.list"                           
[1041] "as.integer"                         "as.hexmode"                        
[1043] "as.function.default"                "as.function"                       
[1045] "as.factor"                          "as.expression.default"             
[1047] "as.expression"                      "as.environment"                    
[1049] "as.double.POSIXlt"                  "as.double.difftime"                
[1051] "as.double"                          "as.difftime"                       
[1053] "as.Date.POSIXlt"                    "as.Date.POSIXct"                   
[1055] "as.Date.numeric"                    "as.Date.factor"                    
[1057] "as.Date.default"                    "as.Date.character"                 
[1059] "as.Date"                            "as.data.frame.vector"              
[1061] "as.data.frame.ts"                   "as.data.frame.table"               
[1063] "as.data.frame.raw"                  "as.data.frame.POSIXlt"             
[1065] "as.data.frame.POSIXct"              "as.data.frame.ordered"             
[1067] "as.data.frame.numeric_version"      "as.data.frame.numeric"             
[1069] "as.data.frame.noquote"              "as.data.frame.model.matrix"        
[1071] "as.data.frame.matrix"               "as.data.frame.logical"             
[1073] "as.data.frame.list"                 "as.data.frame.integer"             
[1075] "as.data.frame.factor"               "as.data.frame.difftime"            
[1077] "as.data.frame.default"              "as.data.frame.Date"                
[1079] "as.data.frame.data.frame"           "as.data.frame.complex"             
[1081] "as.data.frame.character"            "as.data.frame.AsIs"                
[1083] "as.data.frame.array"                "as.data.frame"                     
[1085] "as.complex"                         "as.character.srcref"               
[1087] "as.character.POSIXt"                "as.character.octmode"              
[1089] "as.character.numeric_version"       "as.character.hexmode"              
[1091] "as.character.factor"                "as.character.error"                
[1093] "as.character.default"               "as.character.Date"                 
[1095] "as.character.condition"             "as.character"                      
[1097] "as.call"                            "as.array.default"                  
[1099] "as.array"                           "arrayInd"                          
[1101] "array"                              "args"                              
[1103] "Arg"                                "apply"                             
[1105] "append"                             "aperm.table"                       
[1107] "aperm.default"                      "aperm"                             
[1109] "anyNA.POSIXlt"                      "anyNA.numeric_version"             
[1111] "anyNA"                              "anyDuplicated.matrix"              
[1113] "anyDuplicated.default"              "anyDuplicated.data.frame"          
[1115] "anyDuplicated.array"                "anyDuplicated"                     
[1117] "any"                                "allowInterrupts"                   
[1119] "all.vars"                           "all.names"                         
[1121] "all.equal.raw"                      "all.equal.POSIXt"                  
[1123] "all.equal.numeric"                  "all.equal.list"                    
[1125] "all.equal.language"                 "all.equal.formula"                 
[1127] "all.equal.factor"                   "all.equal.envRefClass"             
[1129] "all.equal.environment"              "all.equal.default"                 
[1131] "all.equal.character"                "all.equal"                         
[1133] "all"                                "alist"                             
[1135] "agrepl"                             "agrep"                             
[1137] "addTaskCallback"                    "addNA"                             
[1139] "acosh"                              "acos"                              
[1141] "abs"                                "abbreviate"                        
[1143] "$<-.data.frame"                     "$<-"                               
[1145] "$.package_version"                  "$.DLLInfo"                         
[1147] "$"                                  "~"                                 
[1149] "||"                                 "|.octmode"                         
[1151] "|.hexmode"                          "|"                                 
[1153] ">="                                 ">"                                 
[1155] "=="                                 "="                                 
[1157] "<="                                 "<<-"                               
[1159] "<-"                                 "<"                                 
[1161] "+.POSIXt"                           "+.Date"                            
[1163] "+"                                  "^"                                 
[1165] "%x%"                                "%o%"                               
[1167] "%in%"                               "%%"                                
[1169] "%/%"                                "%*%"                               
[1171] "&&"                                 "&.octmode"                         
[1173] "&.hexmode"                          "&"                                 
[1175] "/.difftime"                         "/"                                 
[1177] "*.difftime"                         "*"                                 
[1179] "@<-"                                "@"                                 
[1181] "{"                                  "[<-.POSIXlt"                       
[1183] "[<-.POSIXct"                        "[<-.numeric_version"               
[1185] "[<-.factor"                         "[<-.Date"                          
[1187] "[<-.data.frame"                     "[<-"                               
[1189] "[[<-.POSIXlt"                       "[[<-.numeric_version"              
[1191] "[[<-.factor"                        "[[<-.data.frame"                   
[1193] "[[<-"                               "[[.POSIXlt"                        
[1195] "[[.POSIXct"                         "[[.numeric_version"                
[1197] "[[.factor"                          "[[.Date"                           
[1199] "[[.data.frame"                      "[["                                
[1201] "[.warnings"                         "[.table"                           
[1203] "[.simple.list"                      "[.POSIXlt"                         
[1205] "[.POSIXct"                          "[.octmode"                         
[1207] "[.numeric_version"                  "[.noquote"                         
[1209] "[.listof"                           "[.hexmode"                         
[1211] "[.factor"                           "[.DLLInfoList"                     
[1213] "[.Dlist"                            "[.difftime"                        
[1215] "[.Date"                             "[.data.frame"                      
[1217] "[.AsIs"                             "["                                 
[1219] "("                                  ".valid.factor"                     
[1221] ".userHooksEnv"                      ".tryResumeInterrupt"               
[1223] ".traceback"                         ".TAOCP1997init"                    
[1225] ".subset2"                           ".subset"                           
[1227] ".standard_regexps"                  ".signalSimpleWarning"              
[1229] ".set_row_names"                     ".Script"                           
[1231] ".saveRDS"                           ".S3PrimitiveGenerics"              
[1233] ".S3_methods_table"                  ".rowSums"                          
[1235] ".rowNamesDF<-"                      ".rowMeans"                         
[1237] ".row_names_info"                    ".row"                              
[1239] ".rmpkg"                             ".readRDS"                          
[1241] ".primUntrace"                       ".primTrace"                        
[1243] ".Primitive"                         ".POSIXlt"                          
[1245] ".POSIXct"                           ".popath"                           
[1247] ".Platform"                          ".path.package"                     
[1249] ".packageStartupMessage"             ".packages"                         
[1251] ".OptRequireMethods"                 ".Options"                          
[1253] ".NotYetUsed"                        ".NotYetImplemented"                
[1255] ".noGenerics"                        ".methodsNamespace"                 
[1257] ".mergeImportMethods"                ".mergeExportMethods"               
[1259] ".maskedMsg"                         ".mapply"                           
[1261] ".makeMessage"                       ".make_numeric_version"             
[1263] ".Machine"                           ".Library.site"                     
[1265] ".Library"                           ".libPaths"                         
[1267] ".leap.seconds"                      ".Last.value"                       
[1269] ".kronecker"                         ".knownS3Generics"                  
[1271] ".kappa_tri"                         ".isOpen"                           
[1273] ".isMethodsDispatchOn"               ".Internal"                         
[1275] ".handleSimpleError"                 ".gtn"                              
[1277] ".gt"                                ".GlobalEnv"                        
[1279] ".getRequiredPackages2"              ".getRequiredPackages"              
[1281] ".getNamespaceInfo"                  ".getNamespace"                     
[1283] ".GenericArgsEnv"                    ".Fortran"                          
[1285] ".format.zeros"                      ".First.sys"                        
[1287] ".find.package"                      ".F_dtrco"                          
[1289] ".F_dqrxb"                           ".F_dqrrsd"                         
[1291] ".F_dqrqy"                           ".F_dqrqty"                         
[1293] ".F_dqrdc2"                          ".F_dqrcf"                          
[1295] ".F_dchdc"                           ".External2"                        
[1297] ".External.graphics"                 ".External"                         
[1299] ".expand_R_libs_env_var"             ".encode_numeric_version"           
[1301] ".dynLibs"                           ".doWrap"                           
[1303] ".doTrace"                           ".doSortWrap"                       
[1305] ".difftime"                          ".Devices"                          
[1307] ".Device"                            ".detach"                           
[1309] ".Deprecated"                        ".deparseOpts"                      
[1311] ".Defunct"                           ".decode_numeric_version"           
[1313] ".Date"                              ".colSums"                          
[1315] ".colMeans"                          ".col"                              
[1317] ".Call.graphics"                     ".Call"                             
[1319] ".cache_class"                       ".C_R_removeTaskCallback"           
[1321] ".C_R_getTaskCallbackNames"          ".C_R_addTaskCallback"              
[1323] ".C"                                 ".bincode"                          
[1325] ".BaseNamespaceEnv"                  ".AutoloadEnv"                      
[1327] ".ArgsEnv"                           ".amatch_costs"                     
[1329] ".amatch_bounds"                     "..getNamespace"                    
[1331] "..deparseOpts"                      "...length"                         
[1333] "...elt"                             ".__S3MethodsTable__."              
[1335] ".__H__.rbind"                       ".__H__.cbind"                      
[1337] "!="                                 "!.octmode"                         
[1339] "!.hexmode"                          "!"                                 
[1341] ":::"                                "::"                                
[1343] ":"                                  "-.POSIXt"                          
[1345] "-.Date"                             "-"                                 
